{"C:\\Users\\Youcode\\OneDrive\\Desktop\\1\\Projects js\\E-Sihha-Connect\\src\\app.js":{"path":"C:\\Users\\Youcode\\OneDrive\\Desktop\\1\\Projects js\\E-Sihha-Connect\\src\\app.js","statementMap":{"0":{"start":{"line":1,"column":29},"end":{"line":1,"column":69}},"1":{"start":{"line":2,"column":16},"end":{"line":2,"column":34}},"2":{"start":{"line":3,"column":15},"end":{"line":3,"column":32}},"3":{"start":{"line":4,"column":19},"end":{"line":4,"column":49}},"4":{"start":{"line":5,"column":22},"end":{"line":5,"column":55}},"5":{"start":{"line":6,"column":25},"end":{"line":6,"column":61}},"6":{"start":{"line":7,"column":27},"end":{"line":7,"column":65}},"7":{"start":{"line":8,"column":18},"end":{"line":8,"column":40}},"8":{"start":{"line":9,"column":22},"end":{"line":9,"column":53}},"9":{"start":{"line":10,"column":29},"end":{"line":10,"column":67}},"10":{"start":{"line":11,"column":0},"end":{"line":11,"column":29}},"11":{"start":{"line":12,"column":0},"end":{"line":12,"column":38}},"12":{"start":{"line":13,"column":0},"end":{"line":13,"column":32}},"13":{"start":{"line":14,"column":0},"end":{"line":14,"column":28}},"14":{"start":{"line":15,"column":0},"end":{"line":15,"column":31}},"15":{"start":{"line":16,"column":18},"end":{"line":16,"column":47}},"16":{"start":{"line":17,"column":20},"end":{"line":17,"column":47}},"17":{"start":{"line":19,"column":0},"end":{"line":19,"column":16}},"18":{"start":{"line":21,"column":12},"end":{"line":21,"column":21}},"19":{"start":{"line":22,"column":0},"end":{"line":22,"column":24}},"20":{"start":{"line":24,"column":0},"end":{"line":24,"column":32}},"21":{"start":{"line":25,"column":0},"end":{"line":25,"column":43}},"22":{"start":{"line":26,"column":0},"end":{"line":26,"column":48}},"23":{"start":{"line":27,"column":0},"end":{"line":27,"column":52}},"24":{"start":{"line":28,"column":0},"end":{"line":28,"column":52}},"25":{"start":{"line":30,"column":0},"end":{"line":30,"column":68}},"26":{"start":{"line":32,"column":0},"end":{"line":34,"column":3}},"27":{"start":{"line":33,"column":2},"end":{"line":33,"column":48}},"28":{"start":{"line":36,"column":13},"end":{"line":36,"column":37}},"29":{"start":{"line":39,"column":2},"end":{"line":39,"column":20}},"30":{"start":{"line":40,"column":2},"end":{"line":40,"column":20}},"31":{"start":{"line":41,"column":2},"end":{"line":41,"column":27}},"32":{"start":{"line":43,"column":2},"end":{"line":45,"column":4}},"33":{"start":{"line":44,"column":4},"end":{"line":44,"column":60}},"34":{"start":{"line":48,"column":0},"end":{"line":51,"column":3}},"35":{"start":{"line":49,"column":2},"end":{"line":49,"column":62}},"36":{"start":{"line":50,"column":2},"end":{"line":50,"column":18}}},"fnMap":{"0":{"name":"(anonymous_0)","decl":{"start":{"line":32,"column":13},"end":{"line":32,"column":14}},"loc":{"start":{"line":32,"column":27},"end":{"line":34,"column":1}},"line":32},"1":{"name":"start","decl":{"start":{"line":38,"column":15},"end":{"line":38,"column":20}},"loc":{"start":{"line":38,"column":23},"end":{"line":46,"column":1}},"line":38},"2":{"name":"(anonymous_2)","decl":{"start":{"line":43,"column":19},"end":{"line":43,"column":20}},"loc":{"start":{"line":44,"column":4},"end":{"line":44,"column":60}},"line":44},"3":{"name":"(anonymous_3)","decl":{"start":{"line":48,"column":14},"end":{"line":48,"column":15}},"loc":{"start":{"line":48,"column":23},"end":{"line":51,"column":1}},"line":48}},"branchMap":{"0":{"loc":{"start":{"line":36,"column":13},"end":{"line":36,"column":37}},"type":"binary-expr","locations":[{"start":{"line":36,"column":13},"end":{"line":36,"column":29}},{"start":{"line":36,"column":33},"end":{"line":36,"column":37}}],"line":36}},"s":{"0":1,"1":1,"2":1,"3":1,"4":1,"5":1,"6":1,"7":1,"8":1,"9":1,"10":1,"11":1,"12":1,"13":1,"14":1,"15":1,"16":1,"17":1,"18":1,"19":1,"20":1,"21":1,"22":1,"23":1,"24":1,"25":1,"26":1,"27":0,"28":1,"29":1,"30":1,"31":1,"32":1,"33":1,"34":1,"35":0,"36":0},"f":{"0":0,"1":1,"2":1,"3":0},"b":{"0":[1,0]},"_coverageSchema":"1a1c01bbd47fc00a2c39e90264f33305004495a9","hash":"8a1aafc2cd699b14747105da1693147f661457bc","contentHash":"717b30927a8e056b29f0a58533488d3cb0471369369c20b31ae6989ad7881b49"},"C:\\Users\\Youcode\\OneDrive\\Desktop\\1\\Projects js\\E-Sihha-Connect\\src\\routes\\bookRendezVousRoutes.js":{"path":"C:\\Users\\Youcode\\OneDrive\\Desktop\\1\\Projects js\\E-Sihha-Connect\\src\\routes\\bookRendezVousRoutes.js","statementMap":{"0":{"start":{"line":1,"column":16},"end":{"line":1,"column":34}},"1":{"start":{"line":2,"column":27},"end":{"line":2,"column":77}},"2":{"start":{"line":3,"column":24},"end":{"line":3,"column":64}},"3":{"start":{"line":5,"column":15},"end":{"line":5,"column":31}},"4":{"start":{"line":7,"column":0},"end":{"line":7,"column":50}},"5":{"start":{"line":9,"column":0},"end":{"line":9,"column":24}}},"fnMap":{},"branchMap":{},"s":{"0":1,"1":1,"2":1,"3":1,"4":1,"5":1},"f":{},"b":{},"_coverageSchema":"1a1c01bbd47fc00a2c39e90264f33305004495a9","hash":"f48670a91588a6aaf3ee5bfa7032edac50d8b2af","contentHash":"e92f67976381eeeafa282f7aaa8f3a4fa0746ad53ec72e32dda535ad2076a881"},"C:\\Users\\Youcode\\OneDrive\\Desktop\\1\\Projects js\\E-Sihha-Connect\\src\\controllers\\bookRendezVousController.js":{"path":"C:\\Users\\Youcode\\OneDrive\\Desktop\\1\\Projects js\\E-Sihha-Connect\\src\\controllers\\bookRendezVousController.js","statementMap":{"0":{"start":{"line":1,"column":29},"end":{"line":1,"column":76}},"1":{"start":{"line":2,"column":12},"end":{"line":2,"column":26}},"2":{"start":{"line":3,"column":16},"end":{"line":3,"column":44}},"3":{"start":{"line":5,"column":19},"end":{"line":9,"column":2}},"4":{"start":{"line":11,"column":0},"end":{"line":46,"column":2}},"5":{"start":{"line":12,"column":24},"end":{"line":12,"column":42}},"6":{"start":{"line":13,"column":2},"end":{"line":45,"column":3}},"7":{"start":{"line":14,"column":20},"end":{"line":14,"column":73}},"8":{"start":{"line":15,"column":4},"end":{"line":18,"column":71}},"9":{"start":{"line":16,"column":6},"end":{"line":18,"column":71}},"10":{"start":{"line":20,"column":22},"end":{"line":20,"column":51}},"11":{"start":{"line":21,"column":4},"end":{"line":23,"column":5}},"12":{"start":{"line":22,"column":6},"end":{"line":22,"column":71}},"13":{"start":{"line":24,"column":37},"end":{"line":24,"column":45}},"14":{"start":{"line":25,"column":21},"end":{"line":29,"column":5}},"15":{"start":{"line":30,"column":4},"end":{"line":34,"column":5}},"16":{"start":{"line":31,"column":6},"end":{"line":33,"column":67}},"17":{"start":{"line":35,"column":23},"end":{"line":41,"column":6}},"18":{"start":{"line":42,"column":4},"end":{"line":42,"column":37}},"19":{"start":{"line":44,"column":4},"end":{"line":44,"column":49}}},"fnMap":{"0":{"name":"(anonymous_0)","decl":{"start":{"line":11,"column":25},"end":{"line":11,"column":26}},"loc":{"start":{"line":11,"column":45},"end":{"line":46,"column":1}},"line":11}},"branchMap":{"0":{"loc":{"start":{"line":15,"column":4},"end":{"line":18,"column":71}},"type":"if","locations":[{"start":{"line":15,"column":4},"end":{"line":18,"column":71}},{"start":{},"end":{}}],"line":15},"1":{"loc":{"start":{"line":21,"column":4},"end":{"line":23,"column":5}},"type":"if","locations":[{"start":{"line":21,"column":4},"end":{"line":23,"column":5}},{"start":{},"end":{}}],"line":21},"2":{"loc":{"start":{"line":30,"column":4},"end":{"line":34,"column":5}},"type":"if","locations":[{"start":{"line":30,"column":4},"end":{"line":34,"column":5}},{"start":{},"end":{}}],"line":30}},"s":{"0":1,"1":1,"2":1,"3":1,"4":1,"5":0,"6":0,"7":0,"8":0,"9":0,"10":0,"11":0,"12":0,"13":0,"14":0,"15":0,"16":0,"17":0,"18":0,"19":0},"f":{"0":0},"b":{"0":[0,0],"1":[0,0],"2":[0,0]},"_coverageSchema":"1a1c01bbd47fc00a2c39e90264f33305004495a9","hash":"68c4c20790cbcecf80542cb3a35c6e60bf6f1ff2","contentHash":"87979599d66c3214e8c469ca603182d5d09a89603bc4b0fc390ddad43f482298"},"C:\\Users\\Youcode\\OneDrive\\Desktop\\1\\Projects js\\E-Sihha-Connect\\src\\repositories\\RendezVousRepository.js":{"path":"C:\\Users\\Youcode\\OneDrive\\Desktop\\1\\Projects js\\E-Sihha-Connect\\src\\repositories\\RendezVousRepository.js","statementMap":{"0":{"start":{"line":1,"column":19},"end":{"line":1,"column":50}},"1":{"start":{"line":5,"column":23},"end":{"line":5,"column":43}},"2":{"start":{"line":6,"column":4},"end":{"line":6,"column":35}},"3":{"start":{"line":10,"column":18},"end":{"line":10,"column":32}},"4":{"start":{"line":11,"column":16},"end":{"line":11,"column":57}},"5":{"start":{"line":12,"column":4},"end":{"line":27,"column":7}},"6":{"start":{"line":31,"column":18},"end":{"line":31,"column":32}},"7":{"start":{"line":32,"column":16},"end":{"line":32,"column":57}},"8":{"start":{"line":33,"column":18},"end":{"line":37,"column":5}},"9":{"start":{"line":38,"column":4},"end":{"line":40,"column":5}},"10":{"start":{"line":39,"column":6},"end":{"line":39,"column":37}},"11":{"start":{"line":41,"column":17},"end":{"line":41,"column":45}},"12":{"start":{"line":43,"column":4},"end":{"line":47,"column":7}},"13":{"start":{"line":44,"column":23},"end":{"line":44,"column":31}},"14":{"start":{"line":45,"column":21},"end":{"line":45,"column":69}},"15":{"start":{"line":46,"column":6},"end":{"line":46,"column":46}},"16":{"start":{"line":51,"column":4},"end":{"line":53,"column":27}},"17":{"start":{"line":57,"column":0},"end":{"line":57,"column":44}}},"fnMap":{"0":{"name":"(anonymous_0)","decl":{"start":{"line":4,"column":2},"end":{"line":4,"column":3}},"loc":{"start":{"line":4,"column":21},"end":{"line":7,"column":3}},"line":4},"1":{"name":"(anonymous_1)","decl":{"start":{"line":9,"column":2},"end":{"line":9,"column":3}},"loc":{"start":{"line":9,"column":46},"end":{"line":28,"column":3}},"line":9},"2":{"name":"(anonymous_2)","decl":{"start":{"line":30,"column":2},"end":{"line":30,"column":3}},"loc":{"start":{"line":30,"column":65},"end":{"line":48,"column":3}},"line":30},"3":{"name":"(anonymous_3)","decl":{"start":{"line":43,"column":23},"end":{"line":43,"column":24}},"loc":{"start":{"line":43,"column":32},"end":{"line":47,"column":5}},"line":43},"4":{"name":"(anonymous_4)","decl":{"start":{"line":50,"column":2},"end":{"line":50,"column":3}},"loc":{"start":{"line":50,"column":21},"end":{"line":54,"column":3}},"line":50}},"branchMap":{"0":{"loc":{"start":{"line":30,"column":47},"end":{"line":30,"column":63}},"type":"default-arg","locations":[{"start":{"line":30,"column":59},"end":{"line":30,"column":63}}],"line":30},"1":{"loc":{"start":{"line":38,"column":4},"end":{"line":40,"column":5}},"type":"if","locations":[{"start":{"line":38,"column":4},"end":{"line":40,"column":5}},{"start":{},"end":{}}],"line":38},"2":{"loc":{"start":{"line":46,"column":13},"end":{"line":46,"column":45}},"type":"binary-expr","locations":[{"start":{"line":46,"column":13},"end":{"line":46,"column":27}},{"start":{"line":46,"column":31},"end":{"line":46,"column":45}}],"line":46}},"s":{"0":1,"1":0,"2":0,"3":0,"4":0,"5":0,"6":0,"7":0,"8":0,"9":0,"10":0,"11":0,"12":0,"13":0,"14":0,"15":0,"16":0,"17":1},"f":{"0":0,"1":0,"2":0,"3":0,"4":0},"b":{"0":[0],"1":[0,0],"2":[0,0]},"_coverageSchema":"1a1c01bbd47fc00a2c39e90264f33305004495a9","hash":"6fb5bc6ee20522bd7788c902b085eb156d89e2c3","contentHash":"b46841af446de8b6d435097d2d909110b90ee20ff66698e035af2c41860b345e"},"C:\\Users\\Youcode\\OneDrive\\Desktop\\1\\Projects js\\E-Sihha-Connect\\src\\models\\RendezVous.js":{"path":"C:\\Users\\Youcode\\OneDrive\\Desktop\\1\\Projects js\\E-Sihha-Connect\\src\\models\\RendezVous.js","statementMap":{"0":{"start":{"line":1,"column":17},"end":{"line":1,"column":36}},"1":{"start":{"line":3,"column":25},"end":{"line":22,"column":2}},"2":{"start":{"line":24,"column":0},"end":{"line":24,"column":64}}},"fnMap":{},"branchMap":{},"s":{"0":1,"1":1,"2":1},"f":{},"b":{},"_coverageSchema":"1a1c01bbd47fc00a2c39e90264f33305004495a9","hash":"fa8f5c1bd04a7d3a18dcb401efdcf4c476b63e99","contentHash":"9db7273988b98ae29bd2dbb92d47a03344d4fe289157ca18e96bfcb283609cc2"},"C:\\Users\\Youcode\\OneDrive\\Desktop\\1\\Projects js\\E-Sihha-Connect\\src\\models\\Patient.js":{"path":"C:\\Users\\Youcode\\OneDrive\\Desktop\\1\\Projects js\\E-Sihha-Connect\\src\\models\\Patient.js","statementMap":{"0":{"start":{"line":1,"column":17},"end":{"line":1,"column":36}},"1":{"start":{"line":3,"column":22},"end":{"line":23,"column":2}},"2":{"start":{"line":25,"column":0},"end":{"line":25,"column":58}}},"fnMap":{},"branchMap":{},"s":{"0":1,"1":1,"2":1},"f":{},"b":{},"_coverageSchema":"1a1c01bbd47fc00a2c39e90264f33305004495a9","hash":"bb8e72cb2fadb7c9256f645ee361e46f0df0fc8e","contentHash":"57653955e90f2d96896e90805526489a9a4c0efa0c89173bc44f20dd3c1d046c"},"C:\\Users\\Youcode\\OneDrive\\Desktop\\1\\Projects js\\E-Sihha-Connect\\src\\middlewares\\authMiddleware.js":{"path":"C:\\Users\\Youcode\\OneDrive\\Desktop\\1\\Projects js\\E-Sihha-Connect\\src\\middlewares\\authMiddleware.js","statementMap":{"0":{"start":{"line":1,"column":13},"end":{"line":1,"column":38}},"1":{"start":{"line":2,"column":12},"end":{"line":2,"column":35}},"2":{"start":{"line":3,"column":16},"end":{"line":3,"column":44}},"3":{"start":{"line":5,"column":0},"end":{"line":22,"column":2}},"4":{"start":{"line":6,"column":2},"end":{"line":21,"column":3}},"5":{"start":{"line":7,"column":4},"end":{"line":9,"column":5}},"6":{"start":{"line":8,"column":6},"end":{"line":8,"column":66}},"7":{"start":{"line":10,"column":17},"end":{"line":10,"column":58}},"8":{"start":{"line":11,"column":4},"end":{"line":15,"column":5}},"9":{"start":{"line":12,"column":6},"end":{"line":14,"column":74}},"10":{"start":{"line":16,"column":4},"end":{"line":16,"column":11}},"11":{"start":{"line":18,"column":4},"end":{"line":20,"column":69}},"12":{"start":{"line":25,"column":0},"end":{"line":44,"column":2}},"13":{"start":{"line":26,"column":2},"end":{"line":43,"column":3}},"14":{"start":{"line":27,"column":4},"end":{"line":29,"column":5}},"15":{"start":{"line":28,"column":6},"end":{"line":28,"column":66}},"16":{"start":{"line":30,"column":17},"end":{"line":30,"column":58}},"17":{"start":{"line":31,"column":4},"end":{"line":37,"column":5}},"18":{"start":{"line":32,"column":6},"end":{"line":36,"column":10}},"19":{"start":{"line":38,"column":4},"end":{"line":38,"column":11}},"20":{"start":{"line":40,"column":4},"end":{"line":42,"column":68}},"21":{"start":{"line":46,"column":0},"end":{"line":56,"column":2}},"22":{"start":{"line":47,"column":16},"end":{"line":47,"column":56}},"23":{"start":{"line":48,"column":2},"end":{"line":48,"column":67}},"24":{"start":{"line":48,"column":14},"end":{"line":48,"column":67}},"25":{"start":{"line":49,"column":2},"end":{"line":55,"column":3}},"26":{"start":{"line":50,"column":20},"end":{"line":50,"column":61}},"27":{"start":{"line":51,"column":4},"end":{"line":51,"column":30}},"28":{"start":{"line":52,"column":4},"end":{"line":52,"column":11}},"29":{"start":{"line":54,"column":4},"end":{"line":54,"column":62}},"30":{"start":{"line":58,"column":0},"end":{"line":76,"column":2}},"31":{"start":{"line":59,"column":2},"end":{"line":75,"column":3}},"32":{"start":{"line":60,"column":4},"end":{"line":62,"column":5}},"33":{"start":{"line":61,"column":6},"end":{"line":61,"column":80}},"34":{"start":{"line":63,"column":20},"end":{"line":63,"column":57}},"35":{"start":{"line":64,"column":4},"end":{"line":66,"column":5}},"36":{"start":{"line":65,"column":6},"end":{"line":65,"column":56}},"37":{"start":{"line":67,"column":4},"end":{"line":71,"column":5}},"38":{"start":{"line":68,"column":6},"end":{"line":70,"column":80}},"39":{"start":{"line":72,"column":4},"end":{"line":72,"column":11}},"40":{"start":{"line":74,"column":4},"end":{"line":74,"column":70}}},"fnMap":{"0":{"name":"(anonymous_0)","decl":{"start":{"line":5,"column":19},"end":{"line":5,"column":20}},"loc":{"start":{"line":5,"column":45},"end":{"line":22,"column":1}},"line":5},"1":{"name":"(anonymous_1)","decl":{"start":{"line":25,"column":18},"end":{"line":25,"column":19}},"loc":{"start":{"line":25,"column":44},"end":{"line":44,"column":1}},"line":25},"2":{"name":"(anonymous_2)","decl":{"start":{"line":46,"column":22},"end":{"line":46,"column":23}},"loc":{"start":{"line":46,"column":42},"end":{"line":56,"column":1}},"line":46},"3":{"name":"(anonymous_3)","decl":{"start":{"line":58,"column":24},"end":{"line":58,"column":25}},"loc":{"start":{"line":58,"column":50},"end":{"line":76,"column":1}},"line":58}},"branchMap":{"0":{"loc":{"start":{"line":7,"column":4},"end":{"line":9,"column":5}},"type":"if","locations":[{"start":{"line":7,"column":4},"end":{"line":9,"column":5}},{"start":{},"end":{}}],"line":7},"1":{"loc":{"start":{"line":7,"column":8},"end":{"line":7,"column":49}},"type":"binary-expr","locations":[{"start":{"line":7,"column":8},"end":{"line":7,"column":24}},{"start":{"line":7,"column":28},"end":{"line":7,"column":49}}],"line":7},"2":{"loc":{"start":{"line":11,"column":4},"end":{"line":15,"column":5}},"type":"if","locations":[{"start":{"line":11,"column":4},"end":{"line":15,"column":5}},{"start":{},"end":{}}],"line":11},"3":{"loc":{"start":{"line":11,"column":8},"end":{"line":11,"column":39}},"type":"binary-expr","locations":[{"start":{"line":11,"column":8},"end":{"line":11,"column":13}},{"start":{"line":11,"column":17},"end":{"line":11,"column":39}}],"line":11},"4":{"loc":{"start":{"line":27,"column":4},"end":{"line":29,"column":5}},"type":"if","locations":[{"start":{"line":27,"column":4},"end":{"line":29,"column":5}},{"start":{},"end":{}}],"line":27},"5":{"loc":{"start":{"line":27,"column":8},"end":{"line":27,"column":49}},"type":"binary-expr","locations":[{"start":{"line":27,"column":8},"end":{"line":27,"column":24}},{"start":{"line":27,"column":28},"end":{"line":27,"column":49}}],"line":27},"6":{"loc":{"start":{"line":31,"column":4},"end":{"line":37,"column":5}},"type":"if","locations":[{"start":{"line":31,"column":4},"end":{"line":37,"column":5}},{"start":{},"end":{}}],"line":31},"7":{"loc":{"start":{"line":31,"column":8},"end":{"line":31,"column":68}},"type":"binary-expr","locations":[{"start":{"line":31,"column":8},"end":{"line":31,"column":13}},{"start":{"line":31,"column":18},"end":{"line":31,"column":38}},{"start":{"line":31,"column":42},"end":{"line":31,"column":67}}],"line":31},"8":{"loc":{"start":{"line":48,"column":2},"end":{"line":48,"column":67}},"type":"if","locations":[{"start":{"line":48,"column":2},"end":{"line":48,"column":67}},{"start":{},"end":{}}],"line":48},"9":{"loc":{"start":{"line":60,"column":4},"end":{"line":62,"column":5}},"type":"if","locations":[{"start":{"line":60,"column":4},"end":{"line":62,"column":5}},{"start":{},"end":{}}],"line":60},"10":{"loc":{"start":{"line":64,"column":4},"end":{"line":66,"column":5}},"type":"if","locations":[{"start":{"line":64,"column":4},"end":{"line":66,"column":5}},{"start":{},"end":{}}],"line":64},"11":{"loc":{"start":{"line":67,"column":4},"end":{"line":71,"column":5}},"type":"if","locations":[{"start":{"line":67,"column":4},"end":{"line":71,"column":5}},{"start":{},"end":{}}],"line":67}},"s":{"0":1,"1":1,"2":1,"3":1,"4":0,"5":0,"6":0,"7":0,"8":0,"9":0,"10":0,"11":0,"12":1,"13":0,"14":0,"15":0,"16":0,"17":0,"18":0,"19":0,"20":0,"21":1,"22":0,"23":0,"24":0,"25":0,"26":0,"27":0,"28":0,"29":0,"30":1,"31":0,"32":0,"33":0,"34":0,"35":0,"36":0,"37":0,"38":0,"39":0,"40":0},"f":{"0":0,"1":0,"2":0,"3":0},"b":{"0":[0,0],"1":[0,0],"2":[0,0],"3":[0,0],"4":[0,0],"5":[0,0],"6":[0,0],"7":[0,0,0],"8":[0,0],"9":[0,0],"10":[0,0],"11":[0,0]},"_coverageSchema":"1a1c01bbd47fc00a2c39e90264f33305004495a9","hash":"0452a286af37d45c895ef302bc964de05625406c","contentHash":"493df406f06fc24fb61279eb0ff1ab56327ed87a0fcbbd48d030ddbe8193ad54"},"C:\\Users\\Youcode\\OneDrive\\Desktop\\1\\Projects js\\E-Sihha-Connect\\src\\models\\Role.js":{"path":"C:\\Users\\Youcode\\OneDrive\\Desktop\\1\\Projects js\\E-Sihha-Connect\\src\\models\\Role.js","statementMap":{"0":{"start":{"line":1,"column":17},"end":{"line":1,"column":36}},"1":{"start":{"line":3,"column":19},"end":{"line":10,"column":2}},"2":{"start":{"line":12,"column":0},"end":{"line":12,"column":52}}},"fnMap":{},"branchMap":{},"s":{"0":1,"1":1,"2":1},"f":{},"b":{},"_coverageSchema":"1a1c01bbd47fc00a2c39e90264f33305004495a9","hash":"185e60cf2571e79822d8b97fcc3d32ed74250009","contentHash":"ec01773c852e31e3c287322d9ad5230aa53cc66760c8375aec629d8560525e47"},"C:\\Users\\Youcode\\OneDrive\\Desktop\\1\\Projects js\\E-Sihha-Connect\\src\\routes\\authRoutes.js":{"path":"C:\\Users\\Youcode\\OneDrive\\Desktop\\1\\Projects js\\E-Sihha-Connect\\src\\routes\\authRoutes.js","statementMap":{"0":{"start":{"line":1,"column":16},"end":{"line":1,"column":34}},"1":{"start":{"line":2,"column":23},"end":{"line":2,"column":63}},"2":{"start":{"line":3,"column":15},"end":{"line":3,"column":31}},"3":{"start":{"line":4,"column":33},"end":{"line":4,"column":73}},"4":{"start":{"line":29,"column":0},"end":{"line":29,"column":56}},"5":{"start":{"line":30,"column":0},"end":{"line":30,"column":52}},"6":{"start":{"line":31,"column":0},"end":{"line":31,"column":63}},"7":{"start":{"line":32,"column":0},"end":{"line":32,"column":68}},"8":{"start":{"line":33,"column":0},"end":{"line":38,"column":2}},"9":{"start":{"line":39,"column":0},"end":{"line":44,"column":2}},"10":{"start":{"line":45,"column":0},"end":{"line":50,"column":2}},"11":{"start":{"line":52,"column":0},"end":{"line":52,"column":24}}},"fnMap":{},"branchMap":{},"s":{"0":1,"1":1,"2":1,"3":1,"4":1,"5":1,"6":1,"7":1,"8":1,"9":1,"10":1,"11":1},"f":{},"b":{},"_coverageSchema":"1a1c01bbd47fc00a2c39e90264f33305004495a9","hash":"5378ca4a6199ef85afe37503ea19153c0dd2c172","contentHash":"e2f042b53911eed28d96c0eb6c21918730e72bc421afd931dff8da9293465a2c"},"C:\\Users\\Youcode\\OneDrive\\Desktop\\1\\Projects js\\E-Sihha-Connect\\src\\controllers\\authController.js":{"path":"C:\\Users\\Youcode\\OneDrive\\Desktop\\1\\Projects js\\E-Sihha-Connect\\src\\controllers\\authController.js","statementMap":{"0":{"start":{"line":1,"column":25},"end":{"line":1,"column":73}},"1":{"start":{"line":2,"column":15},"end":{"line":2,"column":32}},"2":{"start":{"line":3,"column":12},"end":{"line":3,"column":35}},"3":{"start":{"line":4,"column":12},"end":{"line":4,"column":26}},"4":{"start":{"line":5,"column":15},"end":{"line":5,"column":32}},"5":{"start":{"line":6,"column":17},"end":{"line":6,"column":49}},"6":{"start":{"line":7,"column":13},"end":{"line":7,"column":38}},"7":{"start":{"line":9,"column":0},"end":{"line":18,"column":2}},"8":{"start":{"line":10,"column":2},"end":{"line":17,"column":3}},"9":{"start":{"line":11,"column":19},"end":{"line":11,"column":29}},"10":{"start":{"line":12,"column":24},"end":{"line":12,"column":58}},"11":{"start":{"line":13,"column":4},"end":{"line":13,"column":76}},"12":{"start":{"line":13,"column":22},"end":{"line":13,"column":76}},"13":{"start":{"line":14,"column":4},"end":{"line":14,"column":63}},"14":{"start":{"line":16,"column":4},"end":{"line":16,"column":74}},"15":{"start":{"line":20,"column":0},"end":{"line":29,"column":2}},"16":{"start":{"line":21,"column":2},"end":{"line":28,"column":3}},"17":{"start":{"line":22,"column":19},"end":{"line":22,"column":29}},"18":{"start":{"line":23,"column":24},"end":{"line":23,"column":61}},"19":{"start":{"line":24,"column":4},"end":{"line":24,"column":76}},"20":{"start":{"line":24,"column":22},"end":{"line":24,"column":76}},"21":{"start":{"line":25,"column":4},"end":{"line":25,"column":63}},"22":{"start":{"line":27,"column":4},"end":{"line":27,"column":76}},"23":{"start":{"line":31,"column":33},"end":{"line":38,"column":2}},"24":{"start":{"line":40,"column":0},"end":{"line":107,"column":2}},"25":{"start":{"line":41,"column":2},"end":{"line":43,"column":3}},"26":{"start":{"line":42,"column":4},"end":{"line":42,"column":64}},"27":{"start":{"line":45,"column":20},"end":{"line":45,"column":61}},"28":{"start":{"line":46,"column":2},"end":{"line":53,"column":3}},"29":{"start":{"line":50,"column":4},"end":{"line":52,"column":76}},"30":{"start":{"line":55,"column":20},"end":{"line":55,"column":63}},"31":{"start":{"line":56,"column":2},"end":{"line":58,"column":3}},"32":{"start":{"line":57,"column":4},"end":{"line":57,"column":58}},"33":{"start":{"line":60,"column":2},"end":{"line":106,"column":3}},"34":{"start":{"line":61,"column":65},"end":{"line":61,"column":73}},"35":{"start":{"line":62,"column":21},"end":{"line":62,"column":62}},"36":{"start":{"line":63,"column":4},"end":{"line":63,"column":70}},"37":{"start":{"line":63,"column":18},"end":{"line":63,"column":70}},"38":{"start":{"line":65,"column":23},"end":{"line":65,"column":27}},"39":{"start":{"line":66,"column":18},"end":{"line":66,"column":22}},"40":{"start":{"line":67,"column":4},"end":{"line":76,"column":5}},"41":{"start":{"line":68,"column":6},"end":{"line":68,"column":55}},"42":{"start":{"line":69,"column":6},"end":{"line":71,"column":7}},"43":{"start":{"line":70,"column":8},"end":{"line":70,"column":56}},"44":{"start":{"line":72,"column":6},"end":{"line":72,"column":31}},"45":{"start":{"line":74,"column":6},"end":{"line":74,"column":58}},"46":{"start":{"line":75,"column":6},"end":{"line":75,"column":65}},"47":{"start":{"line":75,"column":20},"end":{"line":75,"column":65}},"48":{"start":{"line":78,"column":22},"end":{"line":86,"column":6}},"49":{"start":{"line":88,"column":4},"end":{"line":98,"column":5}},"50":{"start":{"line":89,"column":22},"end":{"line":89,"column":50}},"51":{"start":{"line":90,"column":29},"end":{"line":95,"column":8}},"52":{"start":{"line":96,"column":6},"end":{"line":96,"column":47}},"53":{"start":{"line":97,"column":6},"end":{"line":97,"column":31}},"54":{"start":{"line":100,"column":4},"end":{"line":102,"column":70}},"55":{"start":{"line":104,"column":4},"end":{"line":104,"column":23}},"56":{"start":{"line":105,"column":4},"end":{"line":105,"column":59}},"57":{"start":{"line":109,"column":26},"end":{"line":115,"column":2}},"58":{"start":{"line":117,"column":31},"end":{"line":119,"column":2}},"59":{"start":{"line":121,"column":30},"end":{"line":123,"column":2}},"60":{"start":{"line":125,"column":0},"end":{"line":167,"column":2}},"61":{"start":{"line":126,"column":20},"end":{"line":126,"column":56}},"62":{"start":{"line":127,"column":2},"end":{"line":129,"column":3}},"63":{"start":{"line":128,"column":4},"end":{"line":128,"column":58}},"64":{"start":{"line":130,"column":2},"end":{"line":166,"column":3}},"65":{"start":{"line":131,"column":59},"end":{"line":131,"column":67}},"66":{"start":{"line":132,"column":21},"end":{"line":132,"column":62}},"67":{"start":{"line":133,"column":4},"end":{"line":133,"column":70}},"68":{"start":{"line":133,"column":18},"end":{"line":133,"column":70}},"69":{"start":{"line":135,"column":22},"end":{"line":135,"column":60}},"70":{"start":{"line":136,"column":4},"end":{"line":138,"column":5}},"71":{"start":{"line":137,"column":6},"end":{"line":137,"column":58}},"72":{"start":{"line":140,"column":24},"end":{"line":148,"column":6}},"73":{"start":{"line":150,"column":20},"end":{"line":150,"column":48}},"74":{"start":{"line":151,"column":20},"end":{"line":156,"column":6}},"75":{"start":{"line":157,"column":4},"end":{"line":157,"column":38}},"76":{"start":{"line":158,"column":4},"end":{"line":158,"column":29}},"77":{"start":{"line":160,"column":4},"end":{"line":162,"column":70}},"78":{"start":{"line":164,"column":4},"end":{"line":164,"column":23}},"79":{"start":{"line":165,"column":4},"end":{"line":165,"column":59}},"80":{"start":{"line":169,"column":0},"end":{"line":202,"column":2}},"81":{"start":{"line":170,"column":32},"end":{"line":170,"column":40}},"82":{"start":{"line":171,"column":22},"end":{"line":171,"column":63}},"83":{"start":{"line":172,"column":2},"end":{"line":174,"column":3}},"84":{"start":{"line":173,"column":4},"end":{"line":173,"column":60}},"85":{"start":{"line":175,"column":27},"end":{"line":178,"column":3}},"86":{"start":{"line":179,"column":2},"end":{"line":181,"column":3}},"87":{"start":{"line":180,"column":4},"end":{"line":180,"column":60}},"88":{"start":{"line":182,"column":2},"end":{"line":184,"column":3}},"89":{"start":{"line":183,"column":4},"end":{"line":183,"column":50}},"90":{"start":{"line":186,"column":21},"end":{"line":190,"column":3}},"91":{"start":{"line":191,"column":32},"end":{"line":195,"column":3}},"92":{"start":{"line":197,"column":2},"end":{"line":197,"column":51}},"93":{"start":{"line":198,"column":2},"end":{"line":198,"column":39}},"94":{"start":{"line":199,"column":2},"end":{"line":199,"column":27}},"95":{"start":{"line":201,"column":2},"end":{"line":201,"column":50}},"96":{"start":{"line":204,"column":0},"end":{"line":237,"column":2}},"97":{"start":{"line":205,"column":2},"end":{"line":236,"column":3}},"98":{"start":{"line":206,"column":22},"end":{"line":206,"column":63}},"99":{"start":{"line":207,"column":4},"end":{"line":212,"column":5}},"100":{"start":{"line":208,"column":6},"end":{"line":211,"column":9}},"101":{"start":{"line":214,"column":22},"end":{"line":214,"column":30}},"102":{"start":{"line":215,"column":17},"end":{"line":215,"column":58}},"103":{"start":{"line":216,"column":4},"end":{"line":218,"column":5}},"104":{"start":{"line":217,"column":6},"end":{"line":217,"column":73}},"105":{"start":{"line":220,"column":23},"end":{"line":220,"column":61}},"106":{"start":{"line":221,"column":4},"end":{"line":221,"column":33}},"107":{"start":{"line":222,"column":4},"end":{"line":222,"column":49}},"108":{"start":{"line":223,"column":4},"end":{"line":223,"column":22}},"109":{"start":{"line":225,"column":4},"end":{"line":225,"column":50}},"110":{"start":{"line":227,"column":4},"end":{"line":229,"column":7}},"111":{"start":{"line":231,"column":4},"end":{"line":231,"column":56}},"112":{"start":{"line":232,"column":4},"end":{"line":235,"column":7}},"113":{"start":{"line":239,"column":0},"end":{"line":274,"column":2}},"114":{"start":{"line":240,"column":2},"end":{"line":273,"column":3}},"115":{"start":{"line":241,"column":22},"end":{"line":241,"column":62}},"116":{"start":{"line":242,"column":4},"end":{"line":247,"column":5}},"117":{"start":{"line":243,"column":6},"end":{"line":246,"column":9}},"118":{"start":{"line":249,"column":22},"end":{"line":249,"column":32}},"119":{"start":{"line":250,"column":27},"end":{"line":250,"column":35}},"120":{"start":{"line":252,"column":17},"end":{"line":252,"column":63}},"121":{"start":{"line":253,"column":4},"end":{"line":257,"column":5}},"122":{"start":{"line":254,"column":6},"end":{"line":256,"column":9}},"123":{"start":{"line":259,"column":4},"end":{"line":259,"column":31}},"124":{"start":{"line":260,"column":4},"end":{"line":260,"column":32}},"125":{"start":{"line":261,"column":4},"end":{"line":261,"column":38}},"126":{"start":{"line":262,"column":4},"end":{"line":262,"column":22}},"127":{"start":{"line":264,"column":4},"end":{"line":266,"column":7}},"128":{"start":{"line":268,"column":4},"end":{"line":268,"column":55}},"129":{"start":{"line":269,"column":4},"end":{"line":272,"column":7}}},"fnMap":{"0":{"name":"(anonymous_0)","decl":{"start":{"line":9,"column":22},"end":{"line":9,"column":23}},"loc":{"start":{"line":9,"column":42},"end":{"line":18,"column":1}},"line":9},"1":{"name":"(anonymous_1)","decl":{"start":{"line":20,"column":25},"end":{"line":20,"column":26}},"loc":{"start":{"line":20,"column":45},"end":{"line":29,"column":1}},"line":20},"2":{"name":"(anonymous_2)","decl":{"start":{"line":40,"column":29},"end":{"line":40,"column":30}},"loc":{"start":{"line":40,"column":49},"end":{"line":107,"column":1}},"line":40},"3":{"name":"(anonymous_3)","decl":{"start":{"line":125,"column":22},"end":{"line":125,"column":23}},"loc":{"start":{"line":125,"column":42},"end":{"line":167,"column":1}},"line":125},"4":{"name":"(anonymous_4)","decl":{"start":{"line":169,"column":20},"end":{"line":169,"column":21}},"loc":{"start":{"line":169,"column":40},"end":{"line":202,"column":1}},"line":169},"5":{"name":"(anonymous_5)","decl":{"start":{"line":204,"column":25},"end":{"line":204,"column":26}},"loc":{"start":{"line":204,"column":45},"end":{"line":237,"column":1}},"line":204},"6":{"name":"(anonymous_6)","decl":{"start":{"line":239,"column":24},"end":{"line":239,"column":25}},"loc":{"start":{"line":239,"column":44},"end":{"line":274,"column":1}},"line":239}},"branchMap":{"0":{"loc":{"start":{"line":13,"column":4},"end":{"line":13,"column":76}},"type":"if","locations":[{"start":{"line":13,"column":4},"end":{"line":13,"column":76}},{"start":{},"end":{}}],"line":13},"1":{"loc":{"start":{"line":24,"column":4},"end":{"line":24,"column":76}},"type":"if","locations":[{"start":{"line":24,"column":4},"end":{"line":24,"column":76}},{"start":{},"end":{}}],"line":24},"2":{"loc":{"start":{"line":41,"column":2},"end":{"line":43,"column":3}},"type":"if","locations":[{"start":{"line":41,"column":2},"end":{"line":43,"column":3}},{"start":{},"end":{}}],"line":41},"3":{"loc":{"start":{"line":41,"column":6},"end":{"line":41,"column":47}},"type":"binary-expr","locations":[{"start":{"line":41,"column":6},"end":{"line":41,"column":22}},{"start":{"line":41,"column":26},"end":{"line":41,"column":47}}],"line":41},"4":{"loc":{"start":{"line":46,"column":2},"end":{"line":53,"column":3}},"type":"if","locations":[{"start":{"line":46,"column":2},"end":{"line":53,"column":3}},{"start":{},"end":{}}],"line":46},"5":{"loc":{"start":{"line":47,"column":4},"end":{"line":48,"column":65}},"type":"binary-expr","locations":[{"start":{"line":47,"column":4},"end":{"line":47,"column":14}},{"start":{"line":48,"column":5},"end":{"line":48,"column":30}},{"start":{"line":48,"column":34},"end":{"line":48,"column":64}}],"line":47},"6":{"loc":{"start":{"line":56,"column":2},"end":{"line":58,"column":3}},"type":"if","locations":[{"start":{"line":56,"column":2},"end":{"line":58,"column":3}},{"start":{},"end":{}}],"line":56},"7":{"loc":{"start":{"line":63,"column":4},"end":{"line":63,"column":70}},"type":"if","locations":[{"start":{"line":63,"column":4},"end":{"line":63,"column":70}},{"start":{},"end":{}}],"line":63},"8":{"loc":{"start":{"line":67,"column":4},"end":{"line":76,"column":5}},"type":"if","locations":[{"start":{"line":67,"column":4},"end":{"line":76,"column":5}},{"start":{"line":73,"column":11},"end":{"line":76,"column":5}}],"line":67},"9":{"loc":{"start":{"line":69,"column":6},"end":{"line":71,"column":7}},"type":"if","locations":[{"start":{"line":69,"column":6},"end":{"line":71,"column":7}},{"start":{},"end":{}}],"line":69},"10":{"loc":{"start":{"line":75,"column":6},"end":{"line":75,"column":65}},"type":"if","locations":[{"start":{"line":75,"column":6},"end":{"line":75,"column":65}},{"start":{},"end":{}}],"line":75},"11":{"loc":{"start":{"line":88,"column":4},"end":{"line":98,"column":5}},"type":"if","locations":[{"start":{"line":88,"column":4},"end":{"line":98,"column":5}},{"start":{},"end":{}}],"line":88},"12":{"loc":{"start":{"line":88,"column":8},"end":{"line":88,"column":43}},"type":"binary-expr","locations":[{"start":{"line":88,"column":8},"end":{"line":88,"column":13}},{"start":{"line":88,"column":17},"end":{"line":88,"column":43}}],"line":88},"13":{"loc":{"start":{"line":127,"column":2},"end":{"line":129,"column":3}},"type":"if","locations":[{"start":{"line":127,"column":2},"end":{"line":129,"column":3}},{"start":{},"end":{}}],"line":127},"14":{"loc":{"start":{"line":133,"column":4},"end":{"line":133,"column":70}},"type":"if","locations":[{"start":{"line":133,"column":4},"end":{"line":133,"column":70}},{"start":{},"end":{}}],"line":133},"15":{"loc":{"start":{"line":136,"column":4},"end":{"line":138,"column":5}},"type":"if","locations":[{"start":{"line":136,"column":4},"end":{"line":138,"column":5}},{"start":{},"end":{}}],"line":136},"16":{"loc":{"start":{"line":172,"column":2},"end":{"line":174,"column":3}},"type":"if","locations":[{"start":{"line":172,"column":2},"end":{"line":174,"column":3}},{"start":{},"end":{}}],"line":172},"17":{"loc":{"start":{"line":179,"column":2},"end":{"line":181,"column":3}},"type":"if","locations":[{"start":{"line":179,"column":2},"end":{"line":181,"column":3}},{"start":{},"end":{}}],"line":179},"18":{"loc":{"start":{"line":182,"column":2},"end":{"line":184,"column":3}},"type":"if","locations":[{"start":{"line":182,"column":2},"end":{"line":184,"column":3}},{"start":{},"end":{}}],"line":182},"19":{"loc":{"start":{"line":207,"column":4},"end":{"line":212,"column":5}},"type":"if","locations":[{"start":{"line":207,"column":4},"end":{"line":212,"column":5}},{"start":{},"end":{}}],"line":207},"20":{"loc":{"start":{"line":216,"column":4},"end":{"line":218,"column":5}},"type":"if","locations":[{"start":{"line":216,"column":4},"end":{"line":218,"column":5}},{"start":{},"end":{}}],"line":216},"21":{"loc":{"start":{"line":242,"column":4},"end":{"line":247,"column":5}},"type":"if","locations":[{"start":{"line":242,"column":4},"end":{"line":247,"column":5}},{"start":{},"end":{}}],"line":242},"22":{"loc":{"start":{"line":253,"column":4},"end":{"line":257,"column":5}},"type":"if","locations":[{"start":{"line":253,"column":4},"end":{"line":257,"column":5}},{"start":{},"end":{}}],"line":253}},"s":{"0":1,"1":1,"2":1,"3":1,"4":1,"5":1,"6":1,"7":1,"8":0,"9":0,"10":0,"11":0,"12":0,"13":0,"14":0,"15":1,"16":0,"17":0,"18":0,"19":0,"20":0,"21":0,"22":0,"23":1,"24":1,"25":0,"26":0,"27":0,"28":0,"29":0,"30":0,"31":0,"32":0,"33":0,"34":0,"35":0,"36":0,"37":0,"38":0,"39":0,"40":0,"41":0,"42":0,"43":0,"44":0,"45":0,"46":0,"47":0,"48":0,"49":0,"50":0,"51":0,"52":0,"53":0,"54":0,"55":0,"56":0,"57":1,"58":1,"59":1,"60":1,"61":0,"62":0,"63":0,"64":0,"65":0,"66":0,"67":0,"68":0,"69":0,"70":0,"71":0,"72":0,"73":0,"74":0,"75":0,"76":0,"77":0,"78":0,"79":0,"80":1,"81":0,"82":0,"83":0,"84":0,"85":0,"86":0,"87":0,"88":0,"89":0,"90":0,"91":0,"92":0,"93":0,"94":0,"95":0,"96":1,"97":0,"98":0,"99":0,"100":0,"101":0,"102":0,"103":0,"104":0,"105":0,"106":0,"107":0,"108":0,"109":0,"110":0,"111":0,"112":0,"113":1,"114":0,"115":0,"116":0,"117":0,"118":0,"119":0,"120":0,"121":0,"122":0,"123":0,"124":0,"125":0,"126":0,"127":0,"128":0,"129":0},"f":{"0":0,"1":0,"2":0,"3":0,"4":0,"5":0,"6":0},"b":{"0":[0,0],"1":[0,0],"2":[0,0],"3":[0,0],"4":[0,0],"5":[0,0,0],"6":[0,0],"7":[0,0],"8":[0,0],"9":[0,0],"10":[0,0],"11":[0,0],"12":[0,0],"13":[0,0],"14":[0,0],"15":[0,0],"16":[0,0],"17":[0,0],"18":[0,0],"19":[0,0],"20":[0,0],"21":[0,0],"22":[0,0]},"_coverageSchema":"1a1c01bbd47fc00a2c39e90264f33305004495a9","hash":"f7feb6ff2138026aae38c2f0981ad942e5860e75","contentHash":"42f99486dd1f14d9df8655278b8bb1d772a972ac926d74bc85a7f51acc019f8b"},"C:\\Users\\Youcode\\OneDrive\\Desktop\\1\\Projects js\\E-Sihha-Connect\\src\\repositories\\UtilisateurRepository.js":{"path":"C:\\Users\\Youcode\\OneDrive\\Desktop\\1\\Projects js\\E-Sihha-Connect\\src\\repositories\\UtilisateurRepository.js","statementMap":{"0":{"start":{"line":1,"column":20},"end":{"line":1,"column":52}},"1":{"start":{"line":5,"column":24},"end":{"line":5,"column":56}},"2":{"start":{"line":6,"column":4},"end":{"line":6,"column":36}},"3":{"start":{"line":10,"column":4},"end":{"line":10,"column":48}},"4":{"start":{"line":14,"column":4},"end":{"line":14,"column":42}},"5":{"start":{"line":18,"column":4},"end":{"line":18,"column":75}},"6":{"start":{"line":22,"column":4},"end":{"line":22,"column":52}},"7":{"start":{"line":26,"column":4},"end":{"line":26,"column":51}},"8":{"start":{"line":30,"column":4},"end":{"line":30,"column":44}},"9":{"start":{"line":34,"column":4},"end":{"line":37,"column":7}},"10":{"start":{"line":41,"column":0},"end":{"line":41,"column":45}}},"fnMap":{"0":{"name":"(anonymous_0)","decl":{"start":{"line":4,"column":2},"end":{"line":4,"column":3}},"loc":{"start":{"line":4,"column":32},"end":{"line":7,"column":3}},"line":4},"1":{"name":"(anonymous_1)","decl":{"start":{"line":9,"column":2},"end":{"line":9,"column":3}},"loc":{"start":{"line":9,"column":27},"end":{"line":11,"column":3}},"line":9},"2":{"name":"(anonymous_2)","decl":{"start":{"line":13,"column":2},"end":{"line":13,"column":3}},"loc":{"start":{"line":13,"column":21},"end":{"line":15,"column":3}},"line":13},"3":{"name":"(anonymous_3)","decl":{"start":{"line":17,"column":2},"end":{"line":17,"column":3}},"loc":{"start":{"line":17,"column":28},"end":{"line":19,"column":3}},"line":17},"4":{"name":"(anonymous_4)","decl":{"start":{"line":21,"column":2},"end":{"line":21,"column":3}},"loc":{"start":{"line":21,"column":20},"end":{"line":23,"column":3}},"line":21},"5":{"name":"(anonymous_5)","decl":{"start":{"line":25,"column":2},"end":{"line":25,"column":3}},"loc":{"start":{"line":25,"column":23},"end":{"line":27,"column":3}},"line":25},"6":{"name":"(anonymous_6)","decl":{"start":{"line":29,"column":2},"end":{"line":29,"column":3}},"loc":{"start":{"line":29,"column":23},"end":{"line":31,"column":3}},"line":29},"7":{"name":"(anonymous_7)","decl":{"start":{"line":33,"column":2},"end":{"line":33,"column":3}},"loc":{"start":{"line":33,"column":37},"end":{"line":38,"column":3}},"line":33}},"branchMap":{},"s":{"0":1,"1":0,"2":0,"3":0,"4":0,"5":0,"6":0,"7":0,"8":0,"9":0,"10":1},"f":{"0":0,"1":0,"2":0,"3":0,"4":0,"5":0,"6":0,"7":0},"b":{},"_coverageSchema":"1a1c01bbd47fc00a2c39e90264f33305004495a9","hash":"23dc91baffdd409a030fe8121a09a13c5f6db846","contentHash":"4814cbb42d94c1107d6ec04baa86e6f524c24a17df6f5cd4ee3e0026312082a2"},"C:\\Users\\Youcode\\OneDrive\\Desktop\\1\\Projects js\\E-Sihha-Connect\\src\\models\\Utilisateur.js":{"path":"C:\\Users\\Youcode\\OneDrive\\Desktop\\1\\Projects js\\E-Sihha-Connect\\src\\models\\Utilisateur.js","statementMap":{"0":{"start":{"line":1,"column":17},"end":{"line":1,"column":36}},"1":{"start":{"line":2,"column":15},"end":{"line":2,"column":32}},"2":{"start":{"line":4,"column":17},"end":{"line":4,"column":34}},"3":{"start":{"line":6,"column":26},"end":{"line":67,"column":2}},"4":{"start":{"line":69,"column":0},"end":{"line":74,"column":3}},"5":{"start":{"line":70,"column":2},"end":{"line":72,"column":3}},"6":{"start":{"line":71,"column":4},"end":{"line":71,"column":57}},"7":{"start":{"line":73,"column":2},"end":{"line":73,"column":9}},"8":{"start":{"line":76,"column":0},"end":{"line":76,"column":66}}},"fnMap":{"0":{"name":"(anonymous_0)","decl":{"start":{"line":69,"column":30},"end":{"line":69,"column":31}},"loc":{"start":{"line":69,"column":52},"end":{"line":74,"column":1}},"line":69}},"branchMap":{"0":{"loc":{"start":{"line":70,"column":2},"end":{"line":72,"column":3}},"type":"if","locations":[{"start":{"line":70,"column":2},"end":{"line":72,"column":3}},{"start":{},"end":{}}],"line":70}},"s":{"0":1,"1":1,"2":1,"3":1,"4":1,"5":0,"6":0,"7":0,"8":1},"f":{"0":0},"b":{"0":[0,0]},"_coverageSchema":"1a1c01bbd47fc00a2c39e90264f33305004495a9","hash":"c3ed33f0d3b8b0ff849f945dc554322076f116ef","contentHash":"61edd15f34308fc316455d49822f83bcfb70aff1f825fab6491c2c31226ad60b"},"C:\\Users\\Youcode\\OneDrive\\Desktop\\1\\Projects js\\E-Sihha-Connect\\src\\utils\\EnvoyerEmail.js":{"path":"C:\\Users\\Youcode\\OneDrive\\Desktop\\1\\Projects js\\E-Sihha-Connect\\src\\utils\\EnvoyerEmail.js","statementMap":{"0":{"start":{"line":1,"column":19},"end":{"line":1,"column":40}},"1":{"start":{"line":3,"column":0},"end":{"line":40,"column":2}},"2":{"start":{"line":4,"column":2},"end":{"line":39,"column":5}},"3":{"start":{"line":5,"column":24},"end":{"line":13,"column":6}},"4":{"start":{"line":15,"column":24},"end":{"line":28,"column":5}},"5":{"start":{"line":30,"column":4},"end":{"line":38,"column":7}},"6":{"start":{"line":31,"column":6},"end":{"line":37,"column":7}},"7":{"start":{"line":32,"column":8},"end":{"line":32,"column":52}},"8":{"start":{"line":33,"column":8},"end":{"line":33,"column":22}},"9":{"start":{"line":35,"column":8},"end":{"line":35,"column":52}},"10":{"start":{"line":36,"column":8},"end":{"line":36,"column":22}}},"fnMap":{"0":{"name":"(anonymous_0)","decl":{"start":{"line":3,"column":23},"end":{"line":3,"column":24}},"loc":{"start":{"line":3,"column":66},"end":{"line":40,"column":1}},"line":3},"1":{"name":"(anonymous_1)","decl":{"start":{"line":4,"column":21},"end":{"line":4,"column":22}},"loc":{"start":{"line":4,"column":42},"end":{"line":39,"column":3}},"line":4},"2":{"name":"(anonymous_2)","decl":{"start":{"line":30,"column":38},"end":{"line":30,"column":39}},"loc":{"start":{"line":30,"column":55},"end":{"line":38,"column":5}},"line":30}},"branchMap":{"0":{"loc":{"start":{"line":31,"column":6},"end":{"line":37,"column":7}},"type":"if","locations":[{"start":{"line":31,"column":6},"end":{"line":37,"column":7}},{"start":{"line":34,"column":13},"end":{"line":37,"column":7}}],"line":31}},"s":{"0":1,"1":1,"2":0,"3":0,"4":0,"5":0,"6":0,"7":0,"8":0,"9":0,"10":0},"f":{"0":0,"1":0,"2":0},"b":{"0":[0,0]},"_coverageSchema":"1a1c01bbd47fc00a2c39e90264f33305004495a9","hash":"551983eabf0ba8d4a06b25f2f17801289c4c8cac","contentHash":"83500947e1da6bc690badb00cb91d992bbab2b9a34f23aa5c4895c92ed68d8ff"},"C:\\Users\\Youcode\\OneDrive\\Desktop\\1\\Projects js\\E-Sihha-Connect\\src\\routes\\patientRoutes.js":{"path":"C:\\Users\\Youcode\\OneDrive\\Desktop\\1\\Projects js\\E-Sihha-Connect\\src\\routes\\patientRoutes.js","statementMap":{"0":{"start":{"line":1,"column":16},"end":{"line":1,"column":34}},"1":{"start":{"line":2,"column":26},"end":{"line":2,"column":69}},"2":{"start":{"line":8,"column":4},"end":{"line":8,"column":44}},"3":{"start":{"line":10,"column":15},"end":{"line":10,"column":31}},"4":{"start":{"line":40,"column":0},"end":{"line":40,"column":72}},"5":{"start":{"line":55,"column":0},"end":{"line":55,"column":69}},"6":{"start":{"line":76,"column":0},"end":{"line":76,"column":76}},"7":{"start":{"line":111,"column":0},"end":{"line":111,"column":74}},"8":{"start":{"line":146,"column":0},"end":{"line":151,"column":2}},"9":{"start":{"line":172,"column":0},"end":{"line":172,"column":77}},"10":{"start":{"line":174,"column":0},"end":{"line":174,"column":24}}},"fnMap":{},"branchMap":{},"s":{"0":1,"1":1,"2":1,"3":1,"4":1,"5":1,"6":1,"7":1,"8":1,"9":1,"10":1},"f":{},"b":{},"_coverageSchema":"1a1c01bbd47fc00a2c39e90264f33305004495a9","hash":"7f3b4229229a4ad6bb41d4c6c9136f00a4d19fd9","contentHash":"10d0a1a9caed8b6e2399861e25bb774dd6f1969b8f211987fc8ce252d45470b0"},"C:\\Users\\Youcode\\OneDrive\\Desktop\\1\\Projects js\\E-Sihha-Connect\\src\\controllers\\patientController.js":{"path":"C:\\Users\\Youcode\\OneDrive\\Desktop\\1\\Projects js\\E-Sihha-Connect\\src\\controllers\\patientController.js","statementMap":{"0":{"start":{"line":1,"column":26},"end":{"line":1,"column":70}},"1":{"start":{"line":2,"column":12},"end":{"line":2,"column":26}},"2":{"start":{"line":3,"column":25},"end":{"line":3,"column":73}},"3":{"start":{"line":4,"column":13},"end":{"line":4,"column":38}},"4":{"start":{"line":5,"column":16},"end":{"line":5,"column":44}},"5":{"start":{"line":7,"column":22},"end":{"line":17,"column":2}},"6":{"start":{"line":19,"column":0},"end":{"line":68,"column":2}},"7":{"start":{"line":20,"column":20},"end":{"line":20,"column":52}},"8":{"start":{"line":21,"column":2},"end":{"line":23,"column":3}},"9":{"start":{"line":22,"column":4},"end":{"line":22,"column":69}},"10":{"start":{"line":24,"column":2},"end":{"line":67,"column":3}},"11":{"start":{"line":25,"column":21},"end":{"line":25,"column":71}},"12":{"start":{"line":26,"column":4},"end":{"line":30,"column":5}},"13":{"start":{"line":27,"column":6},"end":{"line":29,"column":67}},"14":{"start":{"line":32,"column":22},"end":{"line":32,"column":60}},"15":{"start":{"line":33,"column":4},"end":{"line":35,"column":5}},"16":{"start":{"line":34,"column":6},"end":{"line":34,"column":58}},"17":{"start":{"line":37,"column":23},"end":{"line":37,"column":82}},"18":{"start":{"line":39,"column":24},"end":{"line":46,"column":6}},"19":{"start":{"line":48,"column":20},"end":{"line":59,"column":6}},"20":{"start":{"line":61,"column":4},"end":{"line":61,"column":38}},"21":{"start":{"line":62,"column":4},"end":{"line":62,"column":29}},"22":{"start":{"line":64,"column":4},"end":{"line":64,"column":51}},"23":{"start":{"line":66,"column":4},"end":{"line":66,"column":49}},"24":{"start":{"line":70,"column":0},"end":{"line":77,"column":2}},"25":{"start":{"line":71,"column":2},"end":{"line":76,"column":3}},"26":{"start":{"line":72,"column":21},"end":{"line":72,"column":63}},"27":{"start":{"line":73,"column":4},"end":{"line":73,"column":23}},"28":{"start":{"line":75,"column":4},"end":{"line":75,"column":49}},"29":{"start":{"line":79,"column":0},"end":{"line":87,"column":2}},"30":{"start":{"line":80,"column":2},"end":{"line":86,"column":3}},"31":{"start":{"line":81,"column":20},"end":{"line":81,"column":67}},"32":{"start":{"line":82,"column":4},"end":{"line":82,"column":79}},"33":{"start":{"line":82,"column":18},"end":{"line":82,"column":79}},"34":{"start":{"line":83,"column":4},"end":{"line":83,"column":22}},"35":{"start":{"line":85,"column":4},"end":{"line":85,"column":49}},"36":{"start":{"line":89,"column":0},"end":{"line":116,"column":2}},"37":{"start":{"line":90,"column":23},"end":{"line":104,"column":4}},"38":{"start":{"line":105,"column":20},"end":{"line":105,"column":51}},"39":{"start":{"line":106,"column":2},"end":{"line":108,"column":3}},"40":{"start":{"line":107,"column":4},"end":{"line":107,"column":69}},"41":{"start":{"line":109,"column":2},"end":{"line":115,"column":3}},"42":{"start":{"line":110,"column":20},"end":{"line":110,"column":75}},"43":{"start":{"line":111,"column":4},"end":{"line":111,"column":79}},"44":{"start":{"line":111,"column":18},"end":{"line":111,"column":79}},"45":{"start":{"line":112,"column":4},"end":{"line":112,"column":22}},"46":{"start":{"line":114,"column":4},"end":{"line":114,"column":49}},"47":{"start":{"line":118,"column":0},"end":{"line":126,"column":2}},"48":{"start":{"line":119,"column":2},"end":{"line":125,"column":3}},"49":{"start":{"line":120,"column":20},"end":{"line":120,"column":65}},"50":{"start":{"line":121,"column":4},"end":{"line":121,"column":79}},"51":{"start":{"line":121,"column":18},"end":{"line":121,"column":79}},"52":{"start":{"line":122,"column":4},"end":{"line":122,"column":46}},"53":{"start":{"line":124,"column":4},"end":{"line":124,"column":49}}},"fnMap":{"0":{"name":"(anonymous_0)","decl":{"start":{"line":19,"column":24},"end":{"line":19,"column":25}},"loc":{"start":{"line":19,"column":44},"end":{"line":68,"column":1}},"line":19},"1":{"name":"(anonymous_1)","decl":{"start":{"line":70,"column":22},"end":{"line":70,"column":23}},"loc":{"start":{"line":70,"column":42},"end":{"line":77,"column":1}},"line":70},"2":{"name":"(anonymous_2)","decl":{"start":{"line":79,"column":25},"end":{"line":79,"column":26}},"loc":{"start":{"line":79,"column":45},"end":{"line":87,"column":1}},"line":79},"3":{"name":"(anonymous_3)","decl":{"start":{"line":89,"column":24},"end":{"line":89,"column":25}},"loc":{"start":{"line":89,"column":44},"end":{"line":116,"column":1}},"line":89},"4":{"name":"(anonymous_4)","decl":{"start":{"line":118,"column":24},"end":{"line":118,"column":25}},"loc":{"start":{"line":118,"column":44},"end":{"line":126,"column":1}},"line":118}},"branchMap":{"0":{"loc":{"start":{"line":21,"column":2},"end":{"line":23,"column":3}},"type":"if","locations":[{"start":{"line":21,"column":2},"end":{"line":23,"column":3}},{"start":{},"end":{}}],"line":21},"1":{"loc":{"start":{"line":26,"column":4},"end":{"line":30,"column":5}},"type":"if","locations":[{"start":{"line":26,"column":4},"end":{"line":30,"column":5}},{"start":{},"end":{}}],"line":26},"2":{"loc":{"start":{"line":33,"column":4},"end":{"line":35,"column":5}},"type":"if","locations":[{"start":{"line":33,"column":4},"end":{"line":35,"column":5}},{"start":{},"end":{}}],"line":33},"3":{"loc":{"start":{"line":37,"column":23},"end":{"line":37,"column":82}},"type":"binary-expr","locations":[{"start":{"line":37,"column":23},"end":{"line":37,"column":42}},{"start":{"line":37,"column":46},"end":{"line":37,"column":82}}],"line":37},"4":{"loc":{"start":{"line":82,"column":4},"end":{"line":82,"column":79}},"type":"if","locations":[{"start":{"line":82,"column":4},"end":{"line":82,"column":79}},{"start":{},"end":{}}],"line":82},"5":{"loc":{"start":{"line":106,"column":2},"end":{"line":108,"column":3}},"type":"if","locations":[{"start":{"line":106,"column":2},"end":{"line":108,"column":3}},{"start":{},"end":{}}],"line":106},"6":{"loc":{"start":{"line":111,"column":4},"end":{"line":111,"column":79}},"type":"if","locations":[{"start":{"line":111,"column":4},"end":{"line":111,"column":79}},{"start":{},"end":{}}],"line":111},"7":{"loc":{"start":{"line":121,"column":4},"end":{"line":121,"column":79}},"type":"if","locations":[{"start":{"line":121,"column":4},"end":{"line":121,"column":79}},{"start":{},"end":{}}],"line":121}},"s":{"0":1,"1":1,"2":1,"3":1,"4":1,"5":1,"6":1,"7":0,"8":0,"9":0,"10":0,"11":0,"12":0,"13":0,"14":0,"15":0,"16":0,"17":0,"18":0,"19":0,"20":0,"21":0,"22":0,"23":0,"24":1,"25":0,"26":0,"27":0,"28":0,"29":1,"30":0,"31":0,"32":0,"33":0,"34":0,"35":0,"36":1,"37":0,"38":0,"39":0,"40":0,"41":0,"42":0,"43":0,"44":0,"45":0,"46":0,"47":1,"48":0,"49":0,"50":0,"51":0,"52":0,"53":0},"f":{"0":0,"1":0,"2":0,"3":0,"4":0},"b":{"0":[0,0],"1":[0,0],"2":[0,0],"3":[0,0],"4":[0,0],"5":[0,0],"6":[0,0],"7":[0,0]},"_coverageSchema":"1a1c01bbd47fc00a2c39e90264f33305004495a9","hash":"61fee46d8ce996aaf8e66bfcc7f6a5386aeb1e81","contentHash":"969c1c250fdc56bcbd2e6da22dd2902f4dedea0a4d3ddee70130fe36a1ff8a91"},"C:\\Users\\Youcode\\OneDrive\\Desktop\\1\\Projects js\\E-Sihha-Connect\\src\\repositories\\PatientRepository.js":{"path":"C:\\Users\\Youcode\\OneDrive\\Desktop\\1\\Projects js\\E-Sihha-Connect\\src\\repositories\\PatientRepository.js","statementMap":{"0":{"start":{"line":1,"column":16},"end":{"line":1,"column":44}},"1":{"start":{"line":5,"column":20},"end":{"line":5,"column":37}},"2":{"start":{"line":6,"column":4},"end":{"line":6,"column":32}},"3":{"start":{"line":10,"column":4},"end":{"line":12,"column":38}},"4":{"start":{"line":16,"column":19},"end":{"line":16,"column":21}},"5":{"start":{"line":17,"column":4},"end":{"line":17,"column":69}},"6":{"start":{"line":17,"column":19},"end":{"line":17,"column":69}},"7":{"start":{"line":18,"column":4},"end":{"line":18,"column":78}},"8":{"start":{"line":18,"column":22},"end":{"line":18,"column":78}},"9":{"start":{"line":19,"column":4},"end":{"line":19,"column":75}},"10":{"start":{"line":19,"column":21},"end":{"line":19,"column":75}},"11":{"start":{"line":20,"column":4},"end":{"line":22,"column":38}},"12":{"start":{"line":26,"column":4},"end":{"line":28,"column":38}},"13":{"start":{"line":32,"column":4},"end":{"line":32,"column":71}},"14":{"start":{"line":36,"column":4},"end":{"line":36,"column":47}},"15":{"start":{"line":40,"column":0},"end":{"line":40,"column":41}}},"fnMap":{"0":{"name":"(anonymous_0)","decl":{"start":{"line":4,"column":2},"end":{"line":4,"column":3}},"loc":{"start":{"line":4,"column":21},"end":{"line":7,"column":3}},"line":4},"1":{"name":"(anonymous_1)","decl":{"start":{"line":9,"column":2},"end":{"line":9,"column":3}},"loc":{"start":{"line":9,"column":29},"end":{"line":13,"column":3}},"line":9},"2":{"name":"(anonymous_2)","decl":{"start":{"line":15,"column":2},"end":{"line":15,"column":3}},"loc":{"start":{"line":15,"column":28},"end":{"line":23,"column":3}},"line":15},"3":{"name":"(anonymous_3)","decl":{"start":{"line":25,"column":2},"end":{"line":25,"column":3}},"loc":{"start":{"line":25,"column":21},"end":{"line":29,"column":3}},"line":25},"4":{"name":"(anonymous_4)","decl":{"start":{"line":31,"column":2},"end":{"line":31,"column":3}},"loc":{"start":{"line":31,"column":28},"end":{"line":33,"column":3}},"line":31},"5":{"name":"(anonymous_5)","decl":{"start":{"line":35,"column":2},"end":{"line":35,"column":3}},"loc":{"start":{"line":35,"column":19},"end":{"line":37,"column":3}},"line":35}},"branchMap":{"0":{"loc":{"start":{"line":9,"column":16},"end":{"line":9,"column":27}},"type":"default-arg","locations":[{"start":{"line":9,"column":25},"end":{"line":9,"column":27}}],"line":9},"1":{"loc":{"start":{"line":15,"column":16},"end":{"line":15,"column":26}},"type":"default-arg","locations":[{"start":{"line":15,"column":24},"end":{"line":15,"column":26}}],"line":15},"2":{"loc":{"start":{"line":17,"column":4},"end":{"line":17,"column":69}},"type":"if","locations":[{"start":{"line":17,"column":4},"end":{"line":17,"column":69}},{"start":{},"end":{}}],"line":17},"3":{"loc":{"start":{"line":18,"column":4},"end":{"line":18,"column":78}},"type":"if","locations":[{"start":{"line":18,"column":4},"end":{"line":18,"column":78}},{"start":{},"end":{}}],"line":18},"4":{"loc":{"start":{"line":19,"column":4},"end":{"line":19,"column":75}},"type":"if","locations":[{"start":{"line":19,"column":4},"end":{"line":19,"column":75}},{"start":{},"end":{}}],"line":19}},"s":{"0":1,"1":0,"2":0,"3":0,"4":0,"5":0,"6":0,"7":0,"8":0,"9":0,"10":0,"11":0,"12":0,"13":0,"14":0,"15":1},"f":{"0":0,"1":0,"2":0,"3":0,"4":0,"5":0},"b":{"0":[0],"1":[0],"2":[0,0],"3":[0,0],"4":[0,0]},"_coverageSchema":"1a1c01bbd47fc00a2c39e90264f33305004495a9","hash":"064f4901298f976f37fc650bfb3eb8368df86149","contentHash":"bbc8a96692286dcc8ba6ce40163ae82d12a31571acd6842d3e0380c0dded01a5"},"C:\\Users\\Youcode\\OneDrive\\Desktop\\1\\Projects js\\E-Sihha-Connect\\src\\routes\\rendezVousRoutes.js":{"path":"C:\\Users\\Youcode\\OneDrive\\Desktop\\1\\Projects js\\E-Sihha-Connect\\src\\routes\\rendezVousRoutes.js","statementMap":{"0":{"start":{"line":1,"column":16},"end":{"line":1,"column":34}},"1":{"start":{"line":2,"column":29},"end":{"line":2,"column":75}},"2":{"start":{"line":3,"column":34},"end":{"line":3,"column":74}},"3":{"start":{"line":5,"column":15},"end":{"line":5,"column":31}},"4":{"start":{"line":35,"column":0},"end":{"line":66,"column":2}},"5":{"start":{"line":67,"column":0},"end":{"line":72,"column":2}},"6":{"start":{"line":73,"column":0},"end":{"line":78,"column":2}},"7":{"start":{"line":99,"column":0},"end":{"line":103,"column":2}},"8":{"start":{"line":105,"column":0},"end":{"line":105,"column":24}}},"fnMap":{},"branchMap":{},"s":{"0":1,"1":1,"2":1,"3":1,"4":1,"5":1,"6":1,"7":1,"8":1},"f":{},"b":{},"_coverageSchema":"1a1c01bbd47fc00a2c39e90264f33305004495a9","hash":"9d54b9aacb30f47a6e6ed460e711f10fddb4edf0","contentHash":"502ba9efd149fb7a2eac5ffea681de93e2d936f6af8a145dab12a2a344d3d51f"},"C:\\Users\\Youcode\\OneDrive\\Desktop\\1\\Projects js\\E-Sihha-Connect\\src\\controllers\\rendezVousController.js":{"path":"C:\\Users\\Youcode\\OneDrive\\Desktop\\1\\Projects js\\E-Sihha-Connect\\src\\controllers\\rendezVousController.js","statementMap":{"0":{"start":{"line":1,"column":29},"end":{"line":1,"column":76}},"1":{"start":{"line":2,"column":12},"end":{"line":2,"column":26}},"2":{"start":{"line":4,"column":25},"end":{"line":8,"column":2}},"3":{"start":{"line":10,"column":21},"end":{"line":14,"column":2}},"4":{"start":{"line":16,"column":0},"end":{"line":46,"column":2}},"5":{"start":{"line":17,"column":20},"end":{"line":17,"column":38}},"6":{"start":{"line":18,"column":20},"end":{"line":18,"column":55}},"7":{"start":{"line":19,"column":2},"end":{"line":21,"column":3}},"8":{"start":{"line":20,"column":4},"end":{"line":20,"column":69}},"9":{"start":{"line":22,"column":2},"end":{"line":45,"column":3}},"10":{"start":{"line":23,"column":37},"end":{"line":23,"column":45}},"11":{"start":{"line":24,"column":21},"end":{"line":28,"column":5}},"12":{"start":{"line":29,"column":4},"end":{"line":34,"column":5}},"13":{"start":{"line":30,"column":6},"end":{"line":33,"column":9}},"14":{"start":{"line":35,"column":23},"end":{"line":41,"column":6}},"15":{"start":{"line":42,"column":4},"end":{"line":42,"column":37}},"16":{"start":{"line":44,"column":4},"end":{"line":44,"column":49}},"17":{"start":{"line":48,"column":0},"end":{"line":78,"column":2}},"18":{"start":{"line":49,"column":20},"end":{"line":49,"column":51}},"19":{"start":{"line":50,"column":2},"end":{"line":52,"column":3}},"20":{"start":{"line":51,"column":4},"end":{"line":51,"column":69}},"21":{"start":{"line":53,"column":2},"end":{"line":77,"column":3}},"22":{"start":{"line":54,"column":16},"end":{"line":54,"column":66}},"23":{"start":{"line":55,"column":4},"end":{"line":55,"column":79}},"24":{"start":{"line":55,"column":14},"end":{"line":55,"column":79}},"25":{"start":{"line":57,"column":4},"end":{"line":71,"column":5}},"26":{"start":{"line":58,"column":19},"end":{"line":58,"column":44}},"27":{"start":{"line":59,"column":20},"end":{"line":59,"column":47}},"28":{"start":{"line":60,"column":23},"end":{"line":65,"column":7}},"29":{"start":{"line":66,"column":6},"end":{"line":70,"column":7}},"30":{"start":{"line":67,"column":8},"end":{"line":69,"column":79}},"31":{"start":{"line":72,"column":4},"end":{"line":72,"column":33}},"32":{"start":{"line":73,"column":4},"end":{"line":73,"column":21}},"33":{"start":{"line":74,"column":4},"end":{"line":74,"column":18}},"34":{"start":{"line":76,"column":4},"end":{"line":76,"column":49}},"35":{"start":{"line":80,"column":0},"end":{"line":90,"column":2}},"36":{"start":{"line":81,"column":2},"end":{"line":89,"column":3}},"37":{"start":{"line":82,"column":16},"end":{"line":82,"column":66}},"38":{"start":{"line":83,"column":4},"end":{"line":83,"column":79}},"39":{"start":{"line":83,"column":14},"end":{"line":83,"column":79}},"40":{"start":{"line":84,"column":4},"end":{"line":84,"column":26}},"41":{"start":{"line":85,"column":4},"end":{"line":85,"column":21}},"42":{"start":{"line":86,"column":4},"end":{"line":86,"column":48}},"43":{"start":{"line":88,"column":4},"end":{"line":88,"column":49}},"44":{"start":{"line":92,"column":0},"end":{"line":115,"column":2}},"45":{"start":{"line":93,"column":17},"end":{"line":98,"column":4}},"46":{"start":{"line":99,"column":20},"end":{"line":99,"column":46}},"47":{"start":{"line":100,"column":2},"end":{"line":102,"column":3}},"48":{"start":{"line":101,"column":4},"end":{"line":101,"column":69}},"49":{"start":{"line":103,"column":2},"end":{"line":114,"column":3}},"50":{"start":{"line":104,"column":48},"end":{"line":104,"column":57}},"51":{"start":{"line":105,"column":21},"end":{"line":110,"column":5}},"52":{"start":{"line":111,"column":4},"end":{"line":111,"column":27}},"53":{"start":{"line":113,"column":4},"end":{"line":113,"column":49}}},"fnMap":{"0":{"name":"(anonymous_0)","decl":{"start":{"line":16,"column":27},"end":{"line":16,"column":28}},"loc":{"start":{"line":16,"column":47},"end":{"line":46,"column":1}},"line":16},"1":{"name":"(anonymous_1)","decl":{"start":{"line":48,"column":27},"end":{"line":48,"column":28}},"loc":{"start":{"line":48,"column":47},"end":{"line":78,"column":1}},"line":48},"2":{"name":"(anonymous_2)","decl":{"start":{"line":80,"column":27},"end":{"line":80,"column":28}},"loc":{"start":{"line":80,"column":47},"end":{"line":90,"column":1}},"line":80},"3":{"name":"(anonymous_3)","decl":{"start":{"line":92,"column":25},"end":{"line":92,"column":26}},"loc":{"start":{"line":92,"column":45},"end":{"line":115,"column":1}},"line":92}},"branchMap":{"0":{"loc":{"start":{"line":19,"column":2},"end":{"line":21,"column":3}},"type":"if","locations":[{"start":{"line":19,"column":2},"end":{"line":21,"column":3}},{"start":{},"end":{}}],"line":19},"1":{"loc":{"start":{"line":29,"column":4},"end":{"line":34,"column":5}},"type":"if","locations":[{"start":{"line":29,"column":4},"end":{"line":34,"column":5}},{"start":{},"end":{}}],"line":29},"2":{"loc":{"start":{"line":50,"column":2},"end":{"line":52,"column":3}},"type":"if","locations":[{"start":{"line":50,"column":2},"end":{"line":52,"column":3}},{"start":{},"end":{}}],"line":50},"3":{"loc":{"start":{"line":55,"column":4},"end":{"line":55,"column":79}},"type":"if","locations":[{"start":{"line":55,"column":4},"end":{"line":55,"column":79}},{"start":{},"end":{}}],"line":55},"4":{"loc":{"start":{"line":57,"column":4},"end":{"line":71,"column":5}},"type":"if","locations":[{"start":{"line":57,"column":4},"end":{"line":71,"column":5}},{"start":{},"end":{}}],"line":57},"5":{"loc":{"start":{"line":57,"column":8},"end":{"line":57,"column":39}},"type":"binary-expr","locations":[{"start":{"line":57,"column":8},"end":{"line":57,"column":21}},{"start":{"line":57,"column":25},"end":{"line":57,"column":39}}],"line":57},"6":{"loc":{"start":{"line":58,"column":19},"end":{"line":58,"column":44}},"type":"binary-expr","locations":[{"start":{"line":58,"column":19},"end":{"line":58,"column":32}},{"start":{"line":58,"column":36},"end":{"line":58,"column":44}}],"line":58},"7":{"loc":{"start":{"line":59,"column":20},"end":{"line":59,"column":47}},"type":"binary-expr","locations":[{"start":{"line":59,"column":20},"end":{"line":59,"column":34}},{"start":{"line":59,"column":38},"end":{"line":59,"column":47}}],"line":59},"8":{"loc":{"start":{"line":66,"column":6},"end":{"line":70,"column":7}},"type":"if","locations":[{"start":{"line":66,"column":6},"end":{"line":70,"column":7}},{"start":{},"end":{}}],"line":66},"9":{"loc":{"start":{"line":83,"column":4},"end":{"line":83,"column":79}},"type":"if","locations":[{"start":{"line":83,"column":4},"end":{"line":83,"column":79}},{"start":{},"end":{}}],"line":83},"10":{"loc":{"start":{"line":100,"column":2},"end":{"line":102,"column":3}},"type":"if","locations":[{"start":{"line":100,"column":2},"end":{"line":102,"column":3}},{"start":{},"end":{}}],"line":100}},"s":{"0":1,"1":1,"2":1,"3":1,"4":1,"5":0,"6":0,"7":0,"8":0,"9":0,"10":0,"11":0,"12":0,"13":0,"14":0,"15":0,"16":0,"17":1,"18":0,"19":0,"20":0,"21":0,"22":0,"23":0,"24":0,"25":0,"26":0,"27":0,"28":0,"29":0,"30":0,"31":0,"32":0,"33":0,"34":0,"35":1,"36":0,"37":0,"38":0,"39":0,"40":0,"41":0,"42":0,"43":0,"44":1,"45":0,"46":0,"47":0,"48":0,"49":0,"50":0,"51":0,"52":0,"53":0},"f":{"0":0,"1":0,"2":0,"3":0},"b":{"0":[0,0],"1":[0,0],"2":[0,0],"3":[0,0],"4":[0,0],"5":[0,0],"6":[0,0],"7":[0,0],"8":[0,0],"9":[0,0],"10":[0,0]},"_coverageSchema":"1a1c01bbd47fc00a2c39e90264f33305004495a9","hash":"74a3258aa0addfd8a52324251021612c44d6e854","contentHash":"b21a7e01a28feb41b3bcc83c6f9b784f3ededbd9b2e7c7a6c8f0c1cebf2e2cf4"},"C:\\Users\\Youcode\\OneDrive\\Desktop\\1\\Projects js\\E-Sihha-Connect\\src\\routes\\availabilityRoutes.js":{"path":"C:\\Users\\Youcode\\OneDrive\\Desktop\\1\\Projects js\\E-Sihha-Connect\\src\\routes\\availabilityRoutes.js","statementMap":{"0":{"start":{"line":1,"column":16},"end":{"line":1,"column":34}},"1":{"start":{"line":2,"column":28},"end":{"line":2,"column":76}},"2":{"start":{"line":3,"column":24},"end":{"line":3,"column":64}},"3":{"start":{"line":5,"column":15},"end":{"line":5,"column":31}},"4":{"start":{"line":33,"column":0},"end":{"line":33,"column":46}},"5":{"start":{"line":35,"column":0},"end":{"line":35,"column":24}}},"fnMap":{},"branchMap":{},"s":{"0":1,"1":1,"2":1,"3":1,"4":1,"5":1},"f":{},"b":{},"_coverageSchema":"1a1c01bbd47fc00a2c39e90264f33305004495a9","hash":"948190135af051e8de66390917c44a82d491dd1e","contentHash":"54132264c3be80f68234476f8abaea3f5c1c2620443ada3f87b7884c79aa354f"},"C:\\Users\\Youcode\\OneDrive\\Desktop\\1\\Projects js\\E-Sihha-Connect\\src\\controllers\\availabilityController.js":{"path":"C:\\Users\\Youcode\\OneDrive\\Desktop\\1\\Projects js\\E-Sihha-Connect\\src\\controllers\\availabilityController.js","statementMap":{"0":{"start":{"line":1,"column":19},"end":{"line":1,"column":50}},"1":{"start":{"line":2,"column":12},"end":{"line":2,"column":26}},"2":{"start":{"line":4,"column":0},"end":{"line":33,"column":2}},"3":{"start":{"line":5,"column":17},"end":{"line":8,"column":4}},"4":{"start":{"line":9,"column":20},"end":{"line":9,"column":46}},"5":{"start":{"line":10,"column":2},"end":{"line":12,"column":3}},"6":{"start":{"line":11,"column":4},"end":{"line":11,"column":69}},"7":{"start":{"line":13,"column":2},"end":{"line":32,"column":3}},"8":{"start":{"line":14,"column":31},"end":{"line":14,"column":40}},"9":{"start":{"line":15,"column":21},"end":{"line":15,"column":35}},"10":{"start":{"line":16,"column":4},"end":{"line":16,"column":34}},"11":{"start":{"line":17,"column":19},"end":{"line":17,"column":33}},"12":{"start":{"line":18,"column":4},"end":{"line":18,"column":37}},"13":{"start":{"line":19,"column":17},"end":{"line":23,"column":6}},"14":{"start":{"line":25,"column":18},"end":{"line":28,"column":7}},"15":{"start":{"line":25,"column":37},"end":{"line":28,"column":5}},"16":{"start":{"line":29,"column":4},"end":{"line":29,"column":24}},"17":{"start":{"line":31,"column":4},"end":{"line":31,"column":49}}},"fnMap":{"0":{"name":"(anonymous_0)","decl":{"start":{"line":4,"column":26},"end":{"line":4,"column":27}},"loc":{"start":{"line":4,"column":46},"end":{"line":33,"column":1}},"line":4},"1":{"name":"(anonymous_1)","decl":{"start":{"line":25,"column":27},"end":{"line":25,"column":28}},"loc":{"start":{"line":25,"column":37},"end":{"line":28,"column":5}},"line":25}},"branchMap":{"0":{"loc":{"start":{"line":10,"column":2},"end":{"line":12,"column":3}},"type":"if","locations":[{"start":{"line":10,"column":2},"end":{"line":12,"column":3}},{"start":{},"end":{}}],"line":10}},"s":{"0":1,"1":1,"2":1,"3":0,"4":0,"5":0,"6":0,"7":0,"8":0,"9":0,"10":0,"11":0,"12":0,"13":0,"14":0,"15":0,"16":0,"17":0},"f":{"0":0,"1":0},"b":{"0":[0,0]},"_coverageSchema":"1a1c01bbd47fc00a2c39e90264f33305004495a9","hash":"db6a8be332d047a339c5b320055681fb26777898","contentHash":"c6fecdd57a3e8003c8aad5afcb36996e8a90c53fe518f77d8cb43af6255eb06d"},"C:\\Users\\Youcode\\OneDrive\\Desktop\\1\\Projects js\\E-Sihha-Connect\\src\\config\\db.js":{"path":"C:\\Users\\Youcode\\OneDrive\\Desktop\\1\\Projects js\\E-Sihha-Connect\\src\\config\\db.js","statementMap":{"0":{"start":{"line":1,"column":17},"end":{"line":1,"column":36}},"1":{"start":{"line":2,"column":0},"end":{"line":2,"column":27}},"2":{"start":{"line":4,"column":18},"end":{"line":12,"column":1}},"3":{"start":{"line":5,"column":2},"end":{"line":11,"column":3}},"4":{"start":{"line":6,"column":4},"end":{"line":6,"column":50}},"5":{"start":{"line":7,"column":4},"end":{"line":7,"column":52}},"6":{"start":{"line":9,"column":4},"end":{"line":9,"column":80}},"7":{"start":{"line":10,"column":4},"end":{"line":10,"column":20}},"8":{"start":{"line":14,"column":0},"end":{"line":14,"column":27}}},"fnMap":{"0":{"name":"(anonymous_0)","decl":{"start":{"line":4,"column":18},"end":{"line":4,"column":19}},"loc":{"start":{"line":4,"column":30},"end":{"line":12,"column":1}},"line":4}},"branchMap":{},"s":{"0":1,"1":1,"2":1,"3":1,"4":1,"5":1,"6":0,"7":0,"8":1},"f":{"0":1},"b":{},"_coverageSchema":"1a1c01bbd47fc00a2c39e90264f33305004495a9","hash":"167ef4c6e294d7047e743ae706a3939edca5f58d","contentHash":"ffed8e925e1a3885182d8a561223d3f043cda84720fc7327e5f1abb55a24a1e3"},"C:\\Users\\Youcode\\OneDrive\\Desktop\\1\\Projects js\\E-Sihha-Connect\\src\\seeders\\roleSeeder.js":{"path":"C:\\Users\\Youcode\\OneDrive\\Desktop\\1\\Projects js\\E-Sihha-Connect\\src\\seeders\\roleSeeder.js","statementMap":{"0":{"start":{"line":1,"column":13},"end":{"line":1,"column":38}},"1":{"start":{"line":4,"column":2},"end":{"line":20,"column":3}},"2":{"start":{"line":5,"column":26},"end":{"line":5,"column":98}},"3":{"start":{"line":7,"column":4},"end":{"line":15,"column":5}},"4":{"start":{"line":8,"column":23},"end":{"line":8,"column":50}},"5":{"start":{"line":9,"column":6},"end":{"line":14,"column":7}},"6":{"start":{"line":10,"column":8},"end":{"line":10,"column":35}},"7":{"start":{"line":11,"column":8},"end":{"line":11,"column":41}},"8":{"start":{"line":13,"column":8},"end":{"line":13,"column":45}},"9":{"start":{"line":17,"column":4},"end":{"line":17,"column":42}},"10":{"start":{"line":19,"column":4},"end":{"line":19,"column":60}},"11":{"start":{"line":23,"column":0},"end":{"line":23,"column":31}}},"fnMap":{"0":{"name":"seedRoles","decl":{"start":{"line":3,"column":15},"end":{"line":3,"column":24}},"loc":{"start":{"line":3,"column":27},"end":{"line":21,"column":1}},"line":3}},"branchMap":{"0":{"loc":{"start":{"line":9,"column":6},"end":{"line":14,"column":7}},"type":"if","locations":[{"start":{"line":9,"column":6},"end":{"line":14,"column":7}},{"start":{"line":12,"column":13},"end":{"line":14,"column":7}}],"line":9}},"s":{"0":1,"1":1,"2":1,"3":1,"4":6,"5":6,"6":0,"7":0,"8":6,"9":1,"10":0,"11":1},"f":{"0":1},"b":{"0":[0,6]},"_coverageSchema":"1a1c01bbd47fc00a2c39e90264f33305004495a9","hash":"a9326dfa42bc7459f163cc362e47a70dec458c83","contentHash":"2927c905cd0b11397f26ca49870e52f27d6bd7af324f077bd50fe80f3ecdb925"},"C:\\Users\\Youcode\\OneDrive\\Desktop\\1\\Projects js\\E-Sihha-Connect\\src\\seeders\\utilisateurSeeder.js":{"path":"C:\\Users\\Youcode\\OneDrive\\Desktop\\1\\Projects js\\E-Sihha-Connect\\src\\seeders\\utilisateurSeeder.js","statementMap":{"0":{"start":{"line":1,"column":20},"end":{"line":1,"column":52}},"1":{"start":{"line":2,"column":13},"end":{"line":2,"column":38}},"2":{"start":{"line":5,"column":2},"end":{"line":36,"column":3}},"3":{"start":{"line":6,"column":27},"end":{"line":6,"column":68}},"4":{"start":{"line":8,"column":33},"end":{"line":20,"column":5}},"5":{"start":{"line":22,"column":4},"end":{"line":31,"column":5}},"6":{"start":{"line":23,"column":23},"end":{"line":23,"column":75}},"7":{"start":{"line":24,"column":6},"end":{"line":30,"column":7}},"8":{"start":{"line":25,"column":24},"end":{"line":25,"column":64}},"9":{"start":{"line":26,"column":8},"end":{"line":26,"column":29}},"10":{"start":{"line":27,"column":8},"end":{"line":27,"column":59}},"11":{"start":{"line":29,"column":8},"end":{"line":29,"column":63}},"12":{"start":{"line":33,"column":4},"end":{"line":33,"column":49}},"13":{"start":{"line":35,"column":4},"end":{"line":35,"column":67}},"14":{"start":{"line":39,"column":0},"end":{"line":39,"column":38}}},"fnMap":{"0":{"name":"seedUtilisateurs","decl":{"start":{"line":4,"column":15},"end":{"line":4,"column":31}},"loc":{"start":{"line":4,"column":34},"end":{"line":37,"column":1}},"line":4}},"branchMap":{"0":{"loc":{"start":{"line":12,"column":14},"end":{"line":12,"column":56}},"type":"cond-expr","locations":[{"start":{"line":12,"column":31},"end":{"line":12,"column":49}},{"start":{"line":12,"column":52},"end":{"line":12,"column":56}}],"line":12},"1":{"loc":{"start":{"line":24,"column":6},"end":{"line":30,"column":7}},"type":"if","locations":[{"start":{"line":24,"column":6},"end":{"line":30,"column":7}},{"start":{"line":28,"column":13},"end":{"line":30,"column":7}}],"line":24}},"s":{"0":1,"1":1,"2":1,"3":1,"4":1,"5":1,"6":1,"7":1,"8":0,"9":0,"10":0,"11":1,"12":1,"13":0,"14":1},"f":{"0":1},"b":{"0":[1,0],"1":[0,1]},"_coverageSchema":"1a1c01bbd47fc00a2c39e90264f33305004495a9","hash":"fc9485b9f5973cce86253e72c547751c171f4cf8","contentHash":"0cc34880ba21d9f42778098571946bb87ea984ceb1987b7627b90806639cbc85"},"C:\\Users\\Youcode\\OneDrive\\Desktop\\1\\Projects js\\E-Sihha-Connect\\src\\models\\Allergie.js":{"path":"C:\\Users\\Youcode\\OneDrive\\Desktop\\1\\Projects js\\E-Sihha-Connect\\src\\models\\Allergie.js","statementMap":{"0":{"start":{"line":1,"column":17},"end":{"line":1,"column":36}},"1":{"start":{"line":3,"column":23},"end":{"line":7,"column":2}},"2":{"start":{"line":9,"column":0},"end":{"line":9,"column":60}}},"fnMap":{},"branchMap":{},"s":{"0":1,"1":1,"2":1},"f":{},"b":{},"_coverageSchema":"1a1c01bbd47fc00a2c39e90264f33305004495a9","hash":"ac2ca05eb7d3c9180f1d8de36cff530b316324a9","contentHash":"ef53278cde0c14b750302a3ce7e7ae91003febc878e4d8401710960ee3f5a76b"},"C:\\Users\\Youcode\\OneDrive\\Desktop\\1\\Projects js\\E-Sihha-Connect\\src\\models\\MedicalHistorique.js":{"path":"C:\\Users\\Youcode\\OneDrive\\Desktop\\1\\Projects js\\E-Sihha-Connect\\src\\models\\MedicalHistorique.js","statementMap":{"0":{"start":{"line":1,"column":17},"end":{"line":1,"column":36}},"1":{"start":{"line":3,"column":32},"end":{"line":10,"column":2}},"2":{"start":{"line":12,"column":0},"end":{"line":12,"column":78}}},"fnMap":{},"branchMap":{},"s":{"0":1,"1":1,"2":1},"f":{},"b":{},"_coverageSchema":"1a1c01bbd47fc00a2c39e90264f33305004495a9","hash":"8ccb502045ce7a364849b1b7dc9eedf8c1d8cfe6","contentHash":"e3491ef2941f36cf39b75b8267d1cce45d70e2a6807a813e9dcbe52a9d57ee1a"},"C:\\Users\\Youcode\\OneDrive\\Desktop\\1\\Projects js\\E-Sihha-Connect\\src\\config\\swagger.js":{"path":"C:\\Users\\Youcode\\OneDrive\\Desktop\\1\\Projects js\\E-Sihha-Connect\\src\\config\\swagger.js","statementMap":{"0":{"start":{"line":1,"column":21},"end":{"line":1,"column":45}},"1":{"start":{"line":3,"column":16},"end":{"line":19,"column":1}},"2":{"start":{"line":21,"column":20},"end":{"line":21,"column":41}},"3":{"start":{"line":23,"column":0},"end":{"line":23,"column":29}}},"fnMap":{},"branchMap":{},"s":{"0":1,"1":1,"2":1,"3":1},"f":{},"b":{},"_coverageSchema":"1a1c01bbd47fc00a2c39e90264f33305004495a9","hash":"21a7e170f87bfc6eb7564151d68e0db40773d775","contentHash":"3d553fdc0dbb129e684871de6d1e57363ede07f5bb7abc0295ee0ec9591f4a8d"}}